<?xml version="1.0" encoding="UTF-8"?>
<testsuite xmlns:xsi="http://www.w3.org/2001/XMLSchema-instance" xsi:noNamespaceSchemaLocation="https://maven.apache.org/surefire/maven-surefire-plugin/xsd/surefire-test-report.xsd" version="3.0.2" name="com.mycompany.chatapp.prog5121_poe_part1.LoginTest" time="1.653" tests="14" errors="0" skipped="0" failures="0">
  <properties>
[...]
</properties>
  <testcase name="testPasswordDoesNotMeetComplexityRequirements" classname="com.mycompany.chatapp.prog5121_poe_part1.LoginTest" time="1.429"/>
  <testcase name="testSuccessfulLoginUsernameAndPassword" classname="com.mycompany.chatapp.prog5121_poe_part1.LoginTest" time="0.007"/>
  <testcase name="testCellPhoneIncorrectlyFormatted" classname="com.mycompany.chatapp.prog5121_poe_part1.LoginTest" time="0.006"/>
  <testcase name="testUsernameIncorrectlyFormatted" classname="com.mycompany.chatapp.prog5121_poe_part1.LoginTest" time="0.004"/>
  <testcase name="testUsernameErrorMessage" classname="com.mycompany.chatapp.prog5121_poe_part1.LoginTest" time="0.004"/>
  <testcase name="testSuccessfulRegistrationMessage" classname="com.mycompany.chatapp.prog5121_poe_part1.LoginTest" time="0.004"/>
  <testcase name="testLoginFailed" classname="com.mycompany.chatapp.prog5121_poe_part1.LoginTest" time="0.003"/>
  <testcase name="testCellPhoneCorrectlyFormatted" classname="com.mycompany.chatapp.prog5121_poe_part1.LoginTest" time="0.004"/>
  <testcase name="testLoginSuccessful" classname="com.mycompany.chatapp.prog5121_poe_part1.LoginTest" time="0.003"/>
  <testcase name="testSuccessfulLoginMessage" classname="com.mycompany.chatapp.prog5121_poe_part1.LoginTest" time="0.008"/>
  <testcase name="testPasswordErrorMessage" classname="com.mycompany.chatapp.prog5121_poe_part1.LoginTest" time="0.003"/>
  <testcase name="testFailedLoginMessage" classname="com.mycompany.chatapp.prog5121_poe_part1.LoginTest" time="0.005"/>
  <testcase name="testUsernameCorrectlyFormatted" classname="com.mycompany.chatapp.prog5121_poe_part1.LoginTest" time="0.003"/>
  <testcase name="testPasswordMeetsComplexityRequirements" classname="com.mycompany.chatapp.prog5121_poe_part1.LoginTest" time="0.003"/>
</testsuite>